{"contracts\\AnotherContract.sol":{"l":{"11":14,"12":13},"path":"C:\\Users\\Acer\\Desktop\\_Crypton\\week5\\contracts\\AnotherContract.sol","s":{"1":14,"2":13},"b":{"1":[13,1]},"f":{"1":14},"fnMap":{"1":{"name":"switcher","line":10,"loc":{"start":{"line":10,"column":4},"end":{"line":13,"column":4}}}},"statementMap":{"1":{"start":{"line":11,"column":8},"end":{"line":11,"column":39}},"2":{"start":{"line":12,"column":8},"end":{"line":12,"column":23}}},"branchMap":{"1":{"line":11,"type":"if","locations":[{"start":{"line":11,"column":8},"end":{"line":11,"column":8}},{"start":{"line":11,"column":8},"end":{"line":11,"column":8}}]}}},"contracts\\DAOVoting.sol":{"l":{"40":126,"41":126,"42":126,"43":126,"44":126,"49":723,"50":722,"54":139,"55":138,"59":126,"60":125,"62":124,"63":124,"66":124,"68":123,"81":64,"82":63,"83":62,"85":62,"86":62,"87":61,"89":60,"90":57,"92":60,"94":60,"99":30,"100":29,"101":28,"103":27,"104":27,"106":18,"107":18,"108":3,"115":224,"119":225,"123":224,"125":223,"129":15,"130":15,"131":14,"133":13,"134":13,"136":13,"140":23,"142":22,"143":22,"144":21,"145":20,"146":19,"148":18,"149":15,"151":18,"152":18,"153":18,"154":18,"158":15,"160":14,"161":14,"163":13,"164":13,"166":12,"167":11,"168":11,"173":6,"178":3,"183":129},"path":"C:\\Users\\Acer\\Desktop\\_Crypton\\week5\\contracts\\DAOVoting.sol","s":{"1":126,"2":126,"3":126,"4":126,"5":126,"6":723,"7":139,"8":126,"9":125,"10":124,"11":124,"12":123,"13":64,"14":63,"15":62,"16":62,"17":62,"18":61,"19":60,"20":57,"21":60,"22":60,"23":45,"24":15,"25":30,"26":29,"27":28,"28":27,"29":27,"30":18,"31":18,"32":15,"33":224,"34":225,"35":224,"36":223,"37":15,"38":15,"39":14,"40":13,"41":13,"42":13,"43":23,"44":22,"45":22,"46":21,"47":20,"48":19,"49":18,"50":15,"51":18,"52":18,"53":18,"54":18,"55":15,"56":14,"57":14,"58":13,"59":13,"60":12,"61":11,"62":11,"63":6,"64":3,"65":129},"b":{"1":[722,1],"2":[138,1],"3":[125,1],"4":[124,1],"5":[123,1],"6":[63,1],"7":[62,1],"8":[61,1],"9":[60,1],"10":[57,3],"11":[45,15],"12":[29,1],"13":[28,1],"14":[27,1],"15":[18,9],"16":[15,3],"17":[224,1],"18":[14,1],"19":[13,1],"20":[22,1],"21":[21,1],"22":[20,1],"23":[19,1],"24":[18,1],"25":[15,3],"26":[14,1],"27":[13,1],"28":[12,1]},"f":{"1":126,"2":723,"3":139,"4":126,"5":64,"6":30,"7":224,"8":225,"9":15,"10":23,"11":15,"12":6,"13":3,"14":129},"fnMap":{"1":{"name":"constructor","line":35,"loc":{"start":{"line":35,"column":4},"end":{"line":45,"column":4}}},"2":{"name":"notThis","line":48,"loc":{"start":{"line":48,"column":4},"end":{"line":51,"column":4}}},"3":{"name":"canChange","line":53,"loc":{"start":{"line":53,"column":4},"end":{"line":56,"column":4}}},"4":{"name":"addProposal","line":58,"loc":{"start":{"line":58,"column":4},"end":{"line":78,"column":4}}},"5":{"name":"vote","line":80,"loc":{"start":{"line":80,"column":4},"end":{"line":96,"column":4}}},"6":{"name":"finish","line":98,"loc":{"start":{"line":98,"column":4},"end":{"line":112,"column":4}}},"7":{"name":"deposit","line":114,"loc":{"start":{"line":114,"column":4},"end":{"line":116,"column":4}}},"8":{"name":"depositTo","line":118,"loc":{"start":{"line":118,"column":4},"end":{"line":126,"column":4}}},"9":{"name":"withdraw","line":128,"loc":{"start":{"line":128,"column":4},"end":{"line":137,"column":4}}},"10":{"name":"delegate","line":139,"loc":{"start":{"line":139,"column":4},"end":{"line":155,"column":4}}},"11":{"name":"getBack","line":157,"loc":{"start":{"line":157,"column":4},"end":{"line":169,"column":4}}},"12":{"name":"changeQuorum","line":172,"loc":{"start":{"line":172,"column":4},"end":{"line":174,"column":4}}},"13":{"name":"changeDuration","line":177,"loc":{"start":{"line":177,"column":4},"end":{"line":179,"column":4}}},"14":{"name":"changePersonRights","line":182,"loc":{"start":{"line":182,"column":4},"end":{"line":184,"column":4}}}},"statementMap":{"1":{"start":{"line":40,"column":8},"end":{"line":40,"column":25}},"2":{"start":{"line":41,"column":8},"end":{"line":41,"column":29}},"3":{"start":{"line":42,"column":8},"end":{"line":42,"column":37}},"4":{"start":{"line":43,"column":8},"end":{"line":43,"column":43}},"5":{"start":{"line":44,"column":8},"end":{"line":44,"column":37}},"6":{"start":{"line":49,"column":8},"end":{"line":49,"column":76}},"7":{"start":{"line":54,"column":8},"end":{"line":54,"column":84}},"8":{"start":{"line":59,"column":8},"end":{"line":59,"column":67}},"9":{"start":{"line":60,"column":8},"end":{"line":60,"column":72}},"10":{"start":{"line":62,"column":8},"end":{"line":62,"column":23}},"11":{"start":{"line":66,"column":8},"end":{"line":66,"column":68}},"12":{"start":{"line":68,"column":8},"end":{"line":68,"column":1949}},"13":{"start":{"line":81,"column":8},"end":{"line":81,"column":54}},"14":{"start":{"line":82,"column":8},"end":{"line":82,"column":71}},"15":{"start":{"line":83,"column":8},"end":{"line":83,"column":36}},"16":{"start":{"line":85,"column":8},"end":{"line":85,"column":89}},"17":{"start":{"line":86,"column":8},"end":{"line":86,"column":57}},"18":{"start":{"line":87,"column":8},"end":{"line":87,"column":64}},"19":{"start":{"line":89,"column":8},"end":{"line":89,"column":2777}},"20":{"start":{"line":90,"column":12},"end":{"line":90,"column":62}},"21":{"start":{"line":92,"column":8},"end":{"line":92,"column":42}},"22":{"start":{"line":94,"column":8},"end":{"line":94,"column":2943}},"23":{"start":{"line":94,"column":24},"end":{"line":94,"column":59}},"24":{"start":{"line":95,"column":13},"end":{"line":95,"column":51}},"25":{"start":{"line":99,"column":8},"end":{"line":99,"column":54}},"26":{"start":{"line":100,"column":8},"end":{"line":100,"column":82}},"27":{"start":{"line":101,"column":8},"end":{"line":101,"column":56}},"28":{"start":{"line":103,"column":8},"end":{"line":103,"column":33}},"29":{"start":{"line":104,"column":8},"end":{"line":104,"column":3318}},"30":{"start":{"line":106,"column":12},"end":{"line":106,"column":104}},"31":{"start":{"line":107,"column":12},"end":{"line":107,"column":31}},"32":{"start":{"line":107,"column":25},"end":{"line":107,"column":31}},"33":{"start":{"line":115,"column":8},"end":{"line":115,"column":37}},"34":{"start":{"line":119,"column":8},"end":{"line":119,"column":65}},"35":{"start":{"line":123,"column":8},"end":{"line":123,"column":61}},"36":{"start":{"line":125,"column":8},"end":{"line":125,"column":41}},"37":{"start":{"line":129,"column":8},"end":{"line":129,"column":36}},"38":{"start":{"line":130,"column":8},"end":{"line":130,"column":70}},"39":{"start":{"line":131,"column":8},"end":{"line":131,"column":82}},"40":{"start":{"line":133,"column":8},"end":{"line":133,"column":50}},"41":{"start":{"line":134,"column":8},"end":{"line":134,"column":38}},"42":{"start":{"line":136,"column":8},"end":{"line":136,"column":39}},"43":{"start":{"line":140,"column":8},"end":{"line":140,"column":71}},"44":{"start":{"line":142,"column":8},"end":{"line":142,"column":36}},"45":{"start":{"line":143,"column":8},"end":{"line":143,"column":62}},"46":{"start":{"line":144,"column":8},"end":{"line":144,"column":70}},"47":{"start":{"line":145,"column":8},"end":{"line":145,"column":66}},"48":{"start":{"line":146,"column":8},"end":{"line":146,"column":70}},"49":{"start":{"line":148,"column":8},"end":{"line":148,"column":5055}},"50":{"start":{"line":149,"column":12},"end":{"line":149,"column":62}},"51":{"start":{"line":151,"column":8},"end":{"line":151,"column":89}},"52":{"start":{"line":152,"column":8},"end":{"line":152,"column":42}},"53":{"start":{"line":153,"column":8},"end":{"line":153,"column":50}},"54":{"start":{"line":154,"column":8},"end":{"line":154,"column":58}},"55":{"start":{"line":158,"column":8},"end":{"line":158,"column":71}},"56":{"start":{"line":160,"column":8},"end":{"line":160,"column":36}},"57":{"start":{"line":161,"column":8},"end":{"line":161,"column":72}},"58":{"start":{"line":163,"column":8},"end":{"line":163,"column":66}},"59":{"start":{"line":164,"column":8},"end":{"line":164,"column":58}},"60":{"start":{"line":166,"column":8},"end":{"line":166,"column":52}},"61":{"start":{"line":167,"column":8},"end":{"line":167,"column":50}},"62":{"start":{"line":168,"column":8},"end":{"line":168,"column":43}},"63":{"start":{"line":173,"column":8},"end":{"line":173,"column":37}},"64":{"start":{"line":178,"column":8},"end":{"line":178,"column":35}},"65":{"start":{"line":183,"column":8},"end":{"line":183,"column":49}}},"branchMap":{"1":{"line":49,"type":"if","locations":[{"start":{"line":49,"column":8},"end":{"line":49,"column":8}},{"start":{"line":49,"column":8},"end":{"line":49,"column":8}}]},"2":{"line":54,"type":"if","locations":[{"start":{"line":54,"column":8},"end":{"line":54,"column":8}},{"start":{"line":54,"column":8},"end":{"line":54,"column":8}}]},"3":{"line":59,"type":"if","locations":[{"start":{"line":59,"column":8},"end":{"line":59,"column":8}},{"start":{"line":59,"column":8},"end":{"line":59,"column":8}}]},"4":{"line":60,"type":"if","locations":[{"start":{"line":60,"column":8},"end":{"line":60,"column":8}},{"start":{"line":60,"column":8},"end":{"line":60,"column":8}}]},"5":{"line":66,"type":"if","locations":[{"start":{"line":66,"column":8},"end":{"line":66,"column":8}},{"start":{"line":66,"column":8},"end":{"line":66,"column":8}}]},"6":{"line":81,"type":"if","locations":[{"start":{"line":81,"column":8},"end":{"line":81,"column":8}},{"start":{"line":81,"column":8},"end":{"line":81,"column":8}}]},"7":{"line":82,"type":"if","locations":[{"start":{"line":82,"column":8},"end":{"line":82,"column":8}},{"start":{"line":82,"column":8},"end":{"line":82,"column":8}}]},"8":{"line":86,"type":"if","locations":[{"start":{"line":86,"column":8},"end":{"line":86,"column":8}},{"start":{"line":86,"column":8},"end":{"line":86,"column":8}}]},"9":{"line":87,"type":"if","locations":[{"start":{"line":87,"column":8},"end":{"line":87,"column":8}},{"start":{"line":87,"column":8},"end":{"line":87,"column":8}}]},"10":{"line":89,"type":"if","locations":[{"start":{"line":89,"column":8},"end":{"line":89,"column":8}},{"start":{"line":89,"column":8},"end":{"line":89,"column":8}}]},"11":{"line":94,"type":"if","locations":[{"start":{"line":94,"column":8},"end":{"line":94,"column":8}},{"start":{"line":94,"column":8},"end":{"line":94,"column":8}}]},"12":{"line":99,"type":"if","locations":[{"start":{"line":99,"column":8},"end":{"line":99,"column":8}},{"start":{"line":99,"column":8},"end":{"line":99,"column":8}}]},"13":{"line":100,"type":"if","locations":[{"start":{"line":100,"column":8},"end":{"line":100,"column":8}},{"start":{"line":100,"column":8},"end":{"line":100,"column":8}}]},"14":{"line":101,"type":"if","locations":[{"start":{"line":101,"column":8},"end":{"line":101,"column":8}},{"start":{"line":101,"column":8},"end":{"line":101,"column":8}}]},"15":{"line":104,"type":"if","locations":[{"start":{"line":104,"column":8},"end":{"line":104,"column":8}},{"start":{"line":104,"column":8},"end":{"line":104,"column":8}}]},"16":{"line":107,"type":"if","locations":[{"start":{"line":107,"column":12},"end":{"line":107,"column":12}},{"start":{"line":107,"column":12},"end":{"line":107,"column":12}}]},"17":{"line":119,"type":"if","locations":[{"start":{"line":119,"column":8},"end":{"line":119,"column":8}},{"start":{"line":119,"column":8},"end":{"line":119,"column":8}}]},"18":{"line":130,"type":"if","locations":[{"start":{"line":130,"column":8},"end":{"line":130,"column":8}},{"start":{"line":130,"column":8},"end":{"line":130,"column":8}}]},"19":{"line":131,"type":"if","locations":[{"start":{"line":131,"column":8},"end":{"line":131,"column":8}},{"start":{"line":131,"column":8},"end":{"line":131,"column":8}}]},"20":{"line":140,"type":"if","locations":[{"start":{"line":140,"column":8},"end":{"line":140,"column":8}},{"start":{"line":140,"column":8},"end":{"line":140,"column":8}}]},"21":{"line":143,"type":"if","locations":[{"start":{"line":143,"column":8},"end":{"line":143,"column":8}},{"start":{"line":143,"column":8},"end":{"line":143,"column":8}}]},"22":{"line":144,"type":"if","locations":[{"start":{"line":144,"column":8},"end":{"line":144,"column":8}},{"start":{"line":144,"column":8},"end":{"line":144,"column":8}}]},"23":{"line":145,"type":"if","locations":[{"start":{"line":145,"column":8},"end":{"line":145,"column":8}},{"start":{"line":145,"column":8},"end":{"line":145,"column":8}}]},"24":{"line":146,"type":"if","locations":[{"start":{"line":146,"column":8},"end":{"line":146,"column":8}},{"start":{"line":146,"column":8},"end":{"line":146,"column":8}}]},"25":{"line":148,"type":"if","locations":[{"start":{"line":148,"column":8},"end":{"line":148,"column":8}},{"start":{"line":148,"column":8},"end":{"line":148,"column":8}}]},"26":{"line":158,"type":"if","locations":[{"start":{"line":158,"column":8},"end":{"line":158,"column":8}},{"start":{"line":158,"column":8},"end":{"line":158,"column":8}}]},"27":{"line":161,"type":"if","locations":[{"start":{"line":161,"column":8},"end":{"line":161,"column":8}},{"start":{"line":161,"column":8},"end":{"line":161,"column":8}}]},"28":{"line":164,"type":"if","locations":[{"start":{"line":164,"column":8},"end":{"line":164,"column":8}},{"start":{"line":164,"column":8},"end":{"line":164,"column":8}}]}}},"contracts\\ERC20.sol":{"l":{"14":252,"18":0},"path":"C:\\Users\\Acer\\Desktop\\_Crypton\\week5\\contracts\\ERC20.sol","s":{"1":252,"2":0},"b":{},"f":{"1":126,"2":252,"3":0},"fnMap":{"1":{"name":"constructor","line":11,"loc":{"start":{"line":10,"column":4},"end":{"line":11,"column":28}}},"2":{"name":"mint","line":13,"loc":{"start":{"line":13,"column":4},"end":{"line":15,"column":4}}},"3":{"name":"burn","line":17,"loc":{"start":{"line":17,"column":4},"end":{"line":19,"column":4}}}},"statementMap":{"1":{"start":{"line":14,"column":8},"end":{"line":14,"column":31}},"2":{"start":{"line":18,"column":9},"end":{"line":18,"column":32}}},"branchMap":{}}}